<?xml version="1.0" encoding="UTF-8"?>
<!-- Generated by org.testng.reporters.JUnitReportReporter -->
<testsuite skipped="0" hostname="slt01-PC" name="com.hsl.cn.cases.TestLogin" tests="3" failures="0" timestamp="17 Jun 2019 03:05:25 GMT" time="0.622" errors="0">
  <testcase name="testLogin" time="0.032" classname="com.hsl.cn.cases.TestLogin"/>
  <testcase name="testLogin" time="0.568" classname="com.hsl.cn.cases.TestLogin"/>
  <testcase name="testLogin" time="0.022" classname="com.hsl.cn.cases.TestLogin"/>
</testsuite> <!-- com.hsl.cn.cases.TestLogin -->
